
> wordle-scratch-pad@0.0.0 noodle
> node index.js

prev: 0, now 1, 0
prev: 1, now 2, 1
prev: 2, now 3, 2
prev: 3, now 4, 3
prev: 4, now 4, 4
prev: 4, now 5, 5
prev: 5, now 6, 6
prev: 6, now 7, 7
prev: 7, now 8, 8
prev: 8, now 9, 9
prev: 9, now 10, 10
prev: 10, now 10, 11
prev: 10, now 10, 12
prev: 10, now 10, 13
prev: 10, now 11, 14
prev: 11, now 11, 15
prev: 11, now 12, 16
prev: 12, now 12, 17
prev: 12, now 13, 18
prev: 13, now 13, 19
prev: 13, now 14, 20
prev: 14, now 15, 21
prev: 15, now 15, 22
prev: 15, now 16, 23
prev: 16, now 17, 24
prev: 17, now 18, 25
prev: 18, now 18, 26
prev: 18, now 19, 27
prev: 19, now 20, 28
prev: 20, now 21, 29
prev: 21, now 22, 30
prev: 22, now 23, 31
prev: 23, now 23, 32
prev: 23, now 23, 33
prev: 23, now 23, 34
prev: 23, now 24, 35
prev: 24, now 24, 36
prev: 24, now 25, 37
prev: 25, now 26, 38
prev: 26, now 27, 39
prev: 27, now 28, 40
prev: 28, now 28, 41
prev: 28, now 29, 42
prev: 29, now 30, 43
prev: 30, now 30, 44
prev: 30, now 30, 45
prev: 30, now 31, 46
prev: 31, now 32, 47
prev: 32, now 32, 48
prev: 32, now 33, 49
prev: 33, now 34, 50
prev: 34, now 34, 51
prev: 34, now 34, 52
prev: 34, now 34, 53
prev: 34, now 35, 54
prev: 35, now 35, 55
prev: 35, now 35, 56
prev: 35, now 36, 57
prev: 36, now 36, 58
prev: 36, now 37, 59
prev: 37, now 38, 60
prev: 38, now 38, 61
prev: 38, now 39, 62
prev: 39, now 39, 63
prev: 39, now 40, 64
prev: 40, now 41, 65
prev: 41, now 41, 66
prev: 41, now 41, 67
prev: 41, now 41, 68
prev: 41, now 41, 69
prev: 41, now 42, 70
prev: 42, now 43, 71
prev: 43, now 43, 72
prev: 43, now 43, 73
prev: 43, now 43, 74
prev: 43, now 43, 75
prev: 43, now 43, 76
prev: 43, now 44, 77
prev: 44, now 44, 78
prev: 44, now 44, 79
prev: 44, now 45, 80
prev: 45, now 45, 81
prev: 45, now 45, 82
prev: 45, now 46, 83
prev: 46, now 46, 84
prev: 46, now 46, 85
prev: 46, now 46, 86
prev: 46, now 46, 87
prev: 46, now 46, 88
prev: 46, now 46, 89
prev: 46, now 46, 90
prev: 46, now 46, 91
prev: 46, now 46, 92
prev: 46, now 46, 93
prev: 46, now 46, 94
prev: 46, now 46, 95
prev: 46, now 47, 96
prev: 47, now 47, 97
prev: 47, now 47, 98
prev: 47, now 47, 99
prev: 47, now 47, 100
prev: 47, now 47, 101
prev: 47, now 47, 102
prev: 47, now 47, 103
prev: 47, now 47, 104
prev: 47, now 47, 105
prev: 47, now 47, 106
prev: 47, now 47, 107
prev: 47, now 48, 108
prev: 48, now 48, 109
prev: 48, now 48, 110
prev: 48, now 48, 111
prev: 48, now 48, 112
prev: 48, now 49, 113
prev: 49, now 49, 114
prev: 49, now 49, 115
prev: 49, now 49, 116
prev: 49, now 49, 117
prev: 49, now 49, 118
prev: 49, now 49, 119
prev: 49, now 49, 120
prev: 49, now 49, 121
prev: 49, now 49, 122
prev: 49, now 49, 123
prev: 49, now 50, 124
prev: 50, now 50, 125
prev: 50, now 50, 126
prev: 50, now 50, 127
prev: 50, now 50, 128
prev: 50, now 50, 129
prev: 50, now 50, 130
prev: 50, now 50, 131
prev: 50, now 50, 132
prev: 50, now 50, 133
prev: 50, now 50, 134
prev: 50, now 51, 135
prev: 51, now 51, 136
prev: 51, now 52, 137
prev: 52, now 52, 138
prev: 52, now 52, 139
prev: 52, now 52, 140
prev: 52, now 53, 141
prev: 53, now 53, 142
prev: 53, now 53, 143
prev: 53, now 53, 144
prev: 53, now 53, 145
prev: 53, now 53, 146
prev: 53, now 53, 147
prev: 53, now 53, 148
prev: 53, now 54, 149
prev: 54, now 54, 150
prev: 54, now 54, 151
prev: 54, now 54, 152
prev: 54, now 54, 153
prev: 54, now 54, 154
prev: 54, now 54, 155
prev: 54, now 54, 156
prev: 54, now 54, 157
prev: 54, now 54, 158
prev: 54, now 54, 159
prev: 54, now 54, 160
prev: 54, now 54, 161
prev: 54, now 54, 162
prev: 54, now 54, 163
prev: 54, now 54, 164
prev: 54, now 55, 165
prev: 55, now 56, 166
prev: 56, now 56, 167
prev: 56, now 56, 168
prev: 56, now 56, 169
prev: 56, now 56, 170
prev: 56, now 57, 171
prev: 57, now 57, 172
prev: 57, now 57, 173
prev: 57, now 57, 174
prev: 57, now 57, 175
prev: 57, now 57, 176
prev: 57, now 57, 177
prev: 57, now 57, 178
prev: 57, now 57, 179
prev: 57, now 57, 180
prev: 57, now 58, 181
prev: 58, now 58, 182
prev: 58, now 59, 183
prev: 59, now 59, 184
prev: 59, now 59, 185
prev: 59, now 59, 186
prev: 59, now 59, 187
prev: 59, now 59, 188
prev: 59, now 59, 189
prev: 59, now 59, 190
prev: 59, now 59, 191
prev: 59, now 59, 192
prev: 59, now 59, 193
prev: 59, now 59, 194
prev: 59, now 59, 195
prev: 59, now 59, 196
prev: 59, now 59, 197
prev: 59, now 59, 198
prev: 59, now 59, 199
prev: 59, now 59, 200
prev: 59, now 59, 201
prev: 59, now 59, 202
prev: 59, now 60, 203
prev: 60, now 60, 204
prev: 60, now 60, 205
prev: 60, now 60, 206
prev: 60, now 60, 207
prev: 60, now 60, 208
prev: 60, now 60, 209
prev: 60, now 61, 210
prev: 61, now 61, 211
prev: 61, now 61, 212
prev: 61, now 61, 213
prev: 61, now 62, 214
prev: 62, now 63, 215
prev: 63, now 63, 216
prev: 63, now 63, 217
prev: 63, now 63, 218
prev: 63, now 63, 219
prev: 63, now 63, 220
prev: 63, now 63, 221
prev: 63, now 63, 222
prev: 63, now 63, 223
prev: 63, now 63, 224
prev: 63, now 64, 225
prev: 64, now 65, 226
prev: 65, now 65, 227
prev: 65, now 65, 228
prev: 65, now 65, 229
prev: 65, now 65, 230
prev: 65, now 65, 231
prev: 65, now 65, 232
prev: 65, now 65, 233
prev: 65, now 65, 234
prev: 65, now 66, 235
prev: 66, now 66, 236
prev: 66, now 67, 237
prev: 67, now 67, 238
prev: 67, now 67, 239
prev: 67, now 68, 240
prev: 68, now 68, 241
prev: 68, now 68, 242
prev: 68, now 68, 243
prev: 68, now 68, 244
prev: 68, now 68, 245
prev: 68, now 68, 246
prev: 68, now 68, 247
prev: 68, now 68, 248
prev: 68, now 68, 249
prev: 68, now 68, 250
prev: 68, now 68, 251
prev: 68, now 68, 252
prev: 68, now 68, 253
prev: 68, now 68, 254
prev: 68, now 68, 255
prev: 68, now 68, 256
prev: 68, now 68, 257
prev: 68, now 68, 258
prev: 68, now 68, 259
prev: 68, now 68, 260
prev: 68, now 68, 261
prev: 68, now 68, 262
prev: 68, now 68, 263
prev: 68, now 68, 264
prev: 68, now 68, 265
prev: 68, now 68, 266
prev: 68, now 68, 267
prev: 68, now 68, 268
prev: 68, now 68, 269
prev: 68, now 68, 270
prev: 68, now 68, 271
prev: 68, now 68, 272
prev: 68, now 68, 273
prev: 68, now 68, 274
prev: 68, now 68, 275
prev: 68, now 68, 276
prev: 68, now 68, 277
prev: 68, now 68, 278
prev: 68, now 68, 279
prev: 68, now 68, 280
prev: 68, now 68, 281
prev: 68, now 69, 282
prev: 69, now 69, 283
prev: 69, now 69, 284
prev: 69, now 69, 285
prev: 69, now 69, 286
prev: 69, now 69, 287
prev: 69, now 69, 288
prev: 69, now 69, 289
prev: 69, now 69, 290
prev: 69, now 69, 291
prev: 69, now 69, 292
prev: 69, now 69, 293
prev: 69, now 69, 294
prev: 69, now 69, 295
prev: 69, now 69, 296
prev: 69, now 69, 297
prev: 69, now 69, 298
prev: 69, now 69, 299
prev: 69, now 69, 300
prev: 69, now 69, 301
prev: 69, now 69, 302
prev: 69, now 70, 303
prev: 70, now 70, 304
prev: 70, now 70, 305
prev: 70, now 70, 306
prev: 70, now 70, 307
prev: 70, now 70, 308
prev: 70, now 70, 309
prev: 70, now 70, 310
prev: 70, now 70, 311
prev: 70, now 70, 312
prev: 70, now 70, 313
prev: 70, now 71, 314
prev: 71, now 71, 315
prev: 71, now 71, 316
prev: 71, now 71, 317
prev: 71, now 71, 318
prev: 71, now 71, 319
prev: 71, now 72, 320
prev: 72, now 72, 321
prev: 72, now 72, 322
prev: 72, now 72, 323
prev: 72, now 72, 324
prev: 72, now 72, 325
prev: 72, now 72, 326
prev: 72, now 73, 327
prev: 73, now 73, 328
prev: 73, now 73, 329
prev: 73, now 73, 330
prev: 73, now 73, 331
prev: 73, now 73, 332
prev: 73, now 73, 333
prev: 73, now 73, 334
prev: 73, now 73, 335
prev: 73, now 73, 336
prev: 73, now 73, 337
prev: 73, now 73, 338
prev: 73, now 73, 339
prev: 73, now 73, 340
prev: 73, now 73, 341
prev: 73, now 73, 342
prev: 73, now 73, 343
prev: 73, now 73, 344
prev: 73, now 73, 345
prev: 73, now 73, 346
prev: 73, now 73, 347
prev: 73, now 73, 348
prev: 73, now 73, 349
prev: 73, now 73, 350
prev: 73, now 73, 351
prev: 73, now 73, 352
prev: 73, now 73, 353
prev: 73, now 73, 354
prev: 73, now 73, 355
prev: 73, now 74, 356
prev: 74, now 74, 357
prev: 74, now 75, 358
prev: 75, now 75, 359
prev: 75, now 75, 360
prev: 75, now 75, 361
prev: 75, now 75, 362
prev: 75, now 75, 363
prev: 75, now 75, 364
prev: 75, now 75, 365
prev: 75, now 76, 366
prev: 76, now 76, 367
prev: 76, now 76, 368
prev: 76, now 76, 369
prev: 76, now 76, 370
prev: 76, now 76, 371
prev: 76, now 76, 372
prev: 76, now 76, 373
prev: 76, now 76, 374
prev: 76, now 76, 375
prev: 76, now 76, 376
prev: 76, now 76, 377
prev: 76, now 76, 378
prev: 76, now 76, 379
prev: 76, now 76, 380
prev: 76, now 76, 381
prev: 76, now 76, 382
prev: 76, now 76, 383
prev: 76, now 76, 384
prev: 76, now 76, 385
prev: 76, now 76, 386
prev: 76, now 76, 387
prev: 76, now 76, 388
prev: 76, now 76, 389
prev: 76, now 77, 390
prev: 77, now 77, 391
prev: 77, now 77, 392
prev: 77, now 77, 393
prev: 77, now 77, 394
prev: 77, now 77, 395
prev: 77, now 77, 396
prev: 77, now 77, 397
prev: 77, now 77, 398
prev: 77, now 77, 399
prev: 77, now 77, 400
prev: 77, now 77, 401
prev: 77, now 77, 402
prev: 77, now 77, 403
prev: 77, now 77, 404
prev: 77, now 77, 405
prev: 77, now 77, 406
prev: 77, now 77, 407
prev: 77, now 77, 408
prev: 77, now 77, 409
prev: 77, now 77, 410
prev: 77, now 77, 411
prev: 77, now 77, 412
prev: 77, now 77, 413
prev: 77, now 77, 414
prev: 77, now 77, 415
prev: 77, now 78, 416
prev: 78, now 78, 417
prev: 78, now 78, 418
prev: 78, now 78, 419
prev: 78, now 78, 420
prev: 78, now 78, 421
prev: 78, now 78, 422
prev: 78, now 78, 423
prev: 78, now 79, 424
prev: 79, now 79, 425
prev: 79, now 79, 426
prev: 79, now 79, 427
prev: 79, now 79, 428
prev: 79, now 79, 429
prev: 79, now 79, 430
prev: 79, now 79, 431
prev: 79, now 79, 432
prev: 79, now 79, 433
prev: 79, now 79, 434
prev: 79, now 79, 435
prev: 79, now 80, 436
prev: 80, now 80, 437
prev: 80, now 80, 438
prev: 80, now 80, 439
prev: 80, now 80, 440
prev: 80, now 80, 441
prev: 80, now 80, 442
prev: 80, now 80, 443
prev: 80, now 80, 444
prev: 80, now 80, 445
prev: 80, now 80, 446
prev: 80, now 80, 447
prev: 80, now 81, 448
prev: 81, now 81, 449
prev: 81, now 81, 450
prev: 81, now 81, 451
prev: 81, now 81, 452
prev: 81, now 81, 453
prev: 81, now 81, 454
prev: 81, now 81, 455
prev: 81, now 81, 456
prev: 81, now 81, 457
prev: 81, now 81, 458
prev: 81, now 81, 459
prev: 81, now 81, 460
prev: 81, now 81, 461
prev: 81, now 81, 462
prev: 81, now 81, 463
prev: 81, now 81, 464
prev: 81, now 82, 465
prev: 82, now 82, 466
prev: 82, now 82, 467
prev: 82, now 82, 468
prev: 82, now 82, 469
prev: 82, now 82, 470
prev: 82, now 82, 471
prev: 82, now 82, 472
prev: 82, now 82, 473
prev: 82, now 82, 474
prev: 82, now 82, 475
prev: 82, now 82, 476
prev: 82, now 82, 477
prev: 82, now 82, 478
prev: 82, now 82, 479
prev: 82, now 82, 480
prev: 82, now 83, 481
prev: 83, now 83, 482
prev: 83, now 83, 483
prev: 83, now 83, 484
prev: 83, now 83, 485
prev: 83, now 83, 486
prev: 83, now 83, 487
prev: 83, now 83, 488
prev: 83, now 84, 489
prev: 84, now 84, 490
prev: 84, now 84, 491
prev: 84, now 84, 492
prev: 84, now 84, 493
prev: 84, now 85, 494
prev: 85, now 85, 495
prev: 85, now 85, 496
prev: 85, now 85, 497
prev: 85, now 85, 498
prev: 85, now 85, 499
prev: 85, now 85, 500
prev: 85, now 85, 501
prev: 85, now 86, 502
prev: 86, now 86, 503
prev: 86, now 86, 504
prev: 86, now 86, 505
prev: 86, now 86, 506
prev: 86, now 87, 507
prev: 87, now 87, 508
prev: 87, now 87, 509
prev: 87, now 87, 510
prev: 87, now 87, 511
prev: 87, now 87, 512
prev: 87, now 88, 513
prev: 88, now 88, 514
prev: 88, now 89, 515
prev: 89, now 89, 516
prev: 89, now 89, 517
prev: 89, now 89, 518
prev: 89, now 89, 519
prev: 89, now 89, 520
prev: 89, now 89, 521
prev: 89, now 89, 522
prev: 89, now 89, 523
prev: 89, now 89, 524
prev: 89, now 89, 525
prev: 89, now 89, 526
prev: 89, now 89, 527
prev: 89, now 89, 528
prev: 89, now 89, 529
prev: 89, now 89, 530
prev: 89, now 89, 531
prev: 89, now 89, 532
prev: 89, now 89, 533
prev: 89, now 89, 534
prev: 89, now 89, 535
prev: 89, now 89, 536
prev: 89, now 89, 537
prev: 89, now 89, 538
prev: 89, now 89, 539
prev: 89, now 89, 540
prev: 89, now 89, 541
prev: 89, now 89, 542
prev: 89, now 89, 543
prev: 89, now 89, 544
prev: 89, now 89, 545
prev: 89, now 89, 546
prev: 89, now 89, 547
prev: 89, now 89, 548
prev: 89, now 89, 549
prev: 89, now 89, 550
prev: 89, now 89, 551
prev: 89, now 89, 552
prev: 89, now 89, 553
prev: 89, now 89, 554
prev: 89, now 89, 555
prev: 89, now 89, 556
prev: 89, now 89, 557
prev: 89, now 89, 558
prev: 89, now 89, 559
prev: 89, now 89, 560
prev: 89, now 89, 561
prev: 89, now 89, 562
prev: 89, now 90, 563
prev: 90, now 90, 564
prev: 90, now 90, 565
prev: 90, now 90, 566
prev: 90, now 90, 567
prev: 90, now 90, 568
prev: 90, now 90, 569
prev: 90, now 90, 570
prev: 90, now 90, 571
prev: 90, now 90, 572
prev: 90, now 90, 573
prev: 90, now 90, 574
prev: 90, now 90, 575
prev: 90, now 90, 576
prev: 90, now 90, 577
prev: 90, now 90, 578
prev: 90, now 90, 579
prev: 90, now 90, 580
prev: 90, now 90, 581
prev: 90, now 90, 582
prev: 90, now 90, 583
prev: 90, now 90, 584
prev: 90, now 90, 585
prev: 90, now 90, 586
prev: 90, now 90, 587
prev: 90, now 90, 588
prev: 90, now 90, 589
prev: 90, now 90, 590
prev: 90, now 90, 591
prev: 90, now 90, 592
prev: 90, now 90, 593
prev: 90, now 90, 594
prev: 90, now 90, 595
prev: 90, now 90, 596
prev: 90, now 90, 597
prev: 90, now 90, 598
prev: 90, now 90, 599
prev: 90, now 90, 600
prev: 90, now 90, 601
prev: 90, now 90, 602
prev: 90, now 90, 603
prev: 90, now 90, 604
prev: 90, now 90, 605
prev: 90, now 90, 606
prev: 90, now 90, 607
prev: 90, now 90, 608
prev: 90, now 90, 609
prev: 90, now 90, 610
prev: 90, now 90, 611
prev: 90, now 90, 612
prev: 90, now 90, 613
prev: 90, now 90, 614
prev: 90, now 90, 615
prev: 90, now 90, 616
prev: 90, now 90, 617
prev: 90, now 90, 618
prev: 90, now 90, 619
prev: 90, now 90, 620
prev: 90, now 90, 621
prev: 90, now 90, 622
prev: 90, now 90, 623
prev: 90, now 90, 624
prev: 90, now 90, 625
prev: 90, now 90, 626
prev: 90, now 90, 627
prev: 90, now 90, 628
prev: 90, now 90, 629
prev: 90, now 90, 630
prev: 90, now 90, 631
prev: 90, now 90, 632
prev: 90, now 90, 633
prev: 90, now 90, 634
prev: 90, now 90, 635
prev: 90, now 90, 636
prev: 90, now 90, 637
prev: 90, now 90, 638
prev: 90, now 90, 639
prev: 90, now 90, 640
prev: 90, now 90, 641
prev: 90, now 90, 642
prev: 90, now 90, 643
prev: 90, now 90, 644
prev: 90, now 90, 645
prev: 90, now 90, 646
prev: 90, now 90, 647
prev: 90, now 90, 648
prev: 90, now 90, 649
prev: 90, now 91, 650
prev: 91, now 91, 651
prev: 91, now 91, 652
prev: 91, now 91, 653
prev: 91, now 91, 654
prev: 91, now 91, 655
prev: 91, now 91, 656
prev: 91, now 91, 657
prev: 91, now 91, 658
prev: 91, now 91, 659
prev: 91, now 91, 660
prev: 91, now 91, 661
prev: 91, now 91, 662
prev: 91, now 91, 663
prev: 91, now 91, 664
prev: 91, now 91, 665
prev: 91, now 91, 666
prev: 91, now 91, 667
prev: 91, now 91, 668
prev: 91, now 91, 669
prev: 91, now 91, 670
prev: 91, now 91, 671
prev: 91, now 91, 672
prev: 91, now 91, 673
prev: 91, now 91, 674
prev: 91, now 91, 675
prev: 91, now 91, 676
prev: 91, now 91, 677
prev: 91, now 91, 678
prev: 91, now 91, 679
prev: 91, now 91, 680
prev: 91, now 91, 681
prev: 91, now 91, 682
prev: 91, now 91, 683
prev: 91, now 91, 684
prev: 91, now 91, 685
prev: 91, now 91, 686
prev: 91, now 91, 687
prev: 91, now 91, 688
prev: 91, now 91, 689
prev: 91, now 91, 690
prev: 91, now 91, 691
prev: 91, now 91, 692
prev: 91, now 91, 693
prev: 91, now 91, 694
prev: 91, now 91, 695
prev: 91, now 91, 696
prev: 91, now 91, 697
prev: 91, now 91, 698
prev: 91, now 91, 699
prev: 91, now 91, 700
prev: 91, now 91, 701
prev: 91, now 91, 702
prev: 91, now 91, 703
prev: 91, now 91, 704
prev: 91, now 91, 705
prev: 91, now 91, 706
prev: 91, now 91, 707
prev: 91, now 91, 708
prev: 91, now 91, 709
prev: 91, now 91, 710
prev: 91, now 91, 711
prev: 91, now 91, 712
prev: 91, now 91, 713
prev: 91, now 91, 714
prev: 91, now 91, 715
prev: 91, now 91, 716
prev: 91, now 91, 717
prev: 91, now 91, 718
prev: 91, now 91, 719
prev: 91, now 91, 720
prev: 91, now 91, 721
prev: 91, now 91, 722
prev: 91, now 91, 723
prev: 91, now 91, 724
prev: 91, now 91, 725
prev: 91, now 91, 726
prev: 91, now 91, 727
prev: 91, now 91, 728
prev: 91, now 91, 729
prev: 91, now 91, 730
prev: 91, now 91, 731
prev: 91, now 91, 732
prev: 91, now 91, 733
prev: 91, now 91, 734
prev: 91, now 91, 735
prev: 91, now 91, 736
prev: 91, now 91, 737
prev: 91, now 91, 738
prev: 91, now 91, 739
prev: 91, now 91, 740
prev: 91, now 91, 741
prev: 91, now 91, 742
prev: 91, now 91, 743
prev: 91, now 91, 744
prev: 91, now 91, 745
prev: 91, now 91, 746
prev: 91, now 91, 747
prev: 91, now 91, 748
prev: 91, now 91, 749
prev: 91, now 91, 750
prev: 91, now 91, 751
prev: 91, now 91, 752
prev: 91, now 91, 753
prev: 91, now 91, 754
prev: 91, now 91, 755
prev: 91, now 91, 756
prev: 91, now 91, 757
prev: 91, now 91, 758
prev: 91, now 91, 759
prev: 91, now 91, 760
prev: 91, now 91, 761
prev: 91, now 91, 762
prev: 91, now 91, 763
prev: 91, now 91, 764
prev: 91, now 91, 765
prev: 91, now 92, 766
prev: 92, now 92, 767
prev: 92, now 92, 768
prev: 92, now 92, 769
prev: 92, now 92, 770
prev: 92, now 92, 771
prev: 92, now 92, 772
prev: 92, now 92, 773
prev: 92, now 92, 774
prev: 92, now 92, 775
prev: 92, now 92, 776
prev: 92, now 92, 777
prev: 92, now 92, 778
prev: 92, now 92, 779
prev: 92, now 92, 780
prev: 92, now 92, 781
prev: 92, now 92, 782
prev: 92, now 93, 783
prev: 93, now 93, 784
prev: 93, now 93, 785
prev: 93, now 93, 786
prev: 93, now 93, 787
prev: 93, now 94, 788
prev: 94, now 94, 789
prev: 94, now 94, 790
prev: 94, now 94, 791
prev: 94, now 94, 792
prev: 94, now 94, 793
prev: 94, now 94, 794
prev: 94, now 94, 795
prev: 94, now 94, 796
prev: 94, now 94, 797
prev: 94, now 94, 798
prev: 94, now 94, 799
prev: 94, now 94, 800
prev: 94, now 94, 801
prev: 94, now 94, 802
prev: 94, now 94, 803
prev: 94, now 94, 804
prev: 94, now 94, 805
prev: 94, now 94, 806
prev: 94, now 94, 807
prev: 94, now 94, 808
prev: 94, now 94, 809
prev: 94, now 94, 810
prev: 94, now 94, 811
prev: 94, now 94, 812
prev: 94, now 94, 813
prev: 94, now 94, 814
prev: 94, now 94, 815
prev: 94, now 94, 816
prev: 94, now 94, 817
prev: 94, now 94, 818
prev: 94, now 94, 819
prev: 94, now 94, 820
prev: 94, now 94, 821
prev: 94, now 94, 822
prev: 94, now 94, 823
prev: 94, now 94, 824
prev: 94, now 94, 825
prev: 94, now 94, 826
prev: 94, now 94, 827
prev: 94, now 94, 828
prev: 94, now 94, 829
prev: 94, now 94, 830
prev: 94, now 95, 831
prev: 95, now 95, 832
prev: 95, now 95, 833
prev: 95, now 95, 834
prev: 95, now 95, 835
prev: 95, now 95, 836
prev: 95, now 95, 837
prev: 95, now 95, 838
prev: 95, now 95, 839
prev: 95, now 95, 840
prev: 95, now 95, 841
prev: 95, now 95, 842
prev: 95, now 95, 843
prev: 95, now 95, 844
prev: 95, now 95, 845
prev: 95, now 95, 846
prev: 95, now 95, 847
prev: 95, now 95, 848
prev: 95, now 95, 849
prev: 95, now 95, 850
prev: 95, now 95, 851
prev: 95, now 95, 852
prev: 95, now 95, 853
prev: 95, now 95, 854
prev: 95, now 95, 855
prev: 95, now 95, 856
prev: 95, now 95, 857
prev: 95, now 95, 858
prev: 95, now 95, 859
prev: 95, now 95, 860
prev: 95, now 95, 861
prev: 95, now 95, 862
prev: 95, now 95, 863
prev: 95, now 95, 864
prev: 95, now 95, 865
prev: 95, now 96, 866
prev: 96, now 96, 867
prev: 96, now 96, 868
prev: 96, now 97, 869
prev: 97, now 98, 870
prev: 98, now 98, 871
prev: 98, now 98, 872
prev: 98, now 98, 873
prev: 98, now 98, 874
prev: 98, now 98, 875
prev: 98, now 98, 876
prev: 98, now 98, 877
prev: 98, now 98, 878
prev: 98, now 98, 879
prev: 98, now 98, 880
prev: 98, now 98, 881
prev: 98, now 98, 882
prev: 98, now 98, 883
prev: 98, now 98, 884
prev: 98, now 98, 885
prev: 98, now 98, 886
prev: 98, now 98, 887
prev: 98, now 98, 888
prev: 98, now 98, 889
prev: 98, now 98, 890
prev: 98, now 98, 891
prev: 98, now 98, 892
prev: 98, now 98, 893
prev: 98, now 98, 894
prev: 98, now 98, 895
prev: 98, now 98, 896
prev: 98, now 98, 897
prev: 98, now 98, 898
prev: 98, now 98, 899
prev: 98, now 98, 900
prev: 98, now 98, 901
prev: 98, now 98, 902
prev: 98, now 98, 903
prev: 98, now 98, 904
prev: 98, now 98, 905
prev: 98, now 98, 906
prev: 98, now 98, 907
prev: 98, now 98, 908
prev: 98, now 98, 909
prev: 98, now 98, 910
prev: 98, now 98, 911
prev: 98, now 98, 912
prev: 98, now 98, 913
prev: 98, now 98, 914
prev: 98, now 98, 915
prev: 98, now 98, 916
prev: 98, now 98, 917
prev: 98, now 98, 918
prev: 98, now 98, 919
prev: 98, now 98, 920
prev: 98, now 98, 921
prev: 98, now 98, 922
prev: 98, now 98, 923
prev: 98, now 98, 924
prev: 98, now 98, 925
prev: 98, now 98, 926
prev: 98, now 98, 927
prev: 98, now 98, 928
prev: 98, now 98, 929
prev: 98, now 99, 930
prev: 99, now 99, 931
prev: 99, now 99, 932
prev: 99, now 99, 933
prev: 99, now 99, 934
prev: 99, now 99, 935
prev: 99, now 99, 936
prev: 99, now 99, 937
prev: 99, now 99, 938
prev: 99, now 99, 939
prev: 99, now 99, 940
prev: 99, now 99, 941
prev: 99, now 99, 942
prev: 99, now 99, 943
prev: 99, now 99, 944
prev: 99, now 99, 945
prev: 99, now 100, 946
prev: 100, now 100, 947
prev: 100, now 100, 948
prev: 100, now 100, 949
prev: 100, now 100, 950
prev: 100, now 100, 951
prev: 100, now 100, 952
prev: 100, now 100, 953
prev: 100, now 100, 954
prev: 100, now 100, 955
prev: 100, now 101, 956
prev: 101, now 101, 957
prev: 101, now 101, 958
prev: 101, now 101, 959
prev: 101, now 101, 960
prev: 101, now 101, 961
prev: 101, now 101, 962
prev: 101, now 101, 963
prev: 101, now 101, 964
prev: 101, now 101, 965
prev: 101, now 101, 966
prev: 101, now 101, 967
prev: 101, now 101, 968
prev: 101, now 101, 969
prev: 101, now 101, 970
prev: 101, now 101, 971
prev: 101, now 101, 972
prev: 101, now 101, 973
prev: 101, now 101, 974
prev: 101, now 101, 975
prev: 101, now 101, 976
prev: 101, now 101, 977
prev: 101, now 101, 978
prev: 101, now 101, 979
prev: 101, now 101, 980
prev: 101, now 101, 981
prev: 101, now 101, 982
prev: 101, now 101, 983
prev: 101, now 101, 984
prev: 101, now 101, 985
prev: 101, now 101, 986
prev: 101, now 101, 987
prev: 101, now 101, 988
prev: 101, now 101, 989
prev: 101, now 101, 990
prev: 101, now 101, 991
prev: 101, now 101, 992
prev: 101, now 101, 993
prev: 101, now 101, 994
prev: 101, now 101, 995
prev: 101, now 101, 996
prev: 101, now 101, 997
prev: 101, now 101, 998
prev: 101, now 101, 999
prev: 101, now 101, 1000
prev: 101, now 101, 1001
prev: 101, now 101, 1002
prev: 101, now 101, 1003
prev: 101, now 101, 1004
prev: 101, now 101, 1005
prev: 101, now 101, 1006
prev: 101, now 101, 1007
prev: 101, now 101, 1008
prev: 101, now 101, 1009
prev: 101, now 101, 1010
prev: 101, now 101, 1011
prev: 101, now 101, 1012
prev: 101, now 101, 1013
prev: 101, now 101, 1014
prev: 101, now 101, 1015
prev: 101, now 101, 1016
prev: 101, now 101, 1017
prev: 101, now 101, 1018
prev: 101, now 101, 1019
prev: 101, now 101, 1020
prev: 101, now 101, 1021
prev: 101, now 101, 1022
prev: 101, now 101, 1023
prev: 101, now 101, 1024
prev: 101, now 101, 1025
prev: 101, now 101, 1026
prev: 101, now 101, 1027
prev: 101, now 101, 1028
prev: 101, now 101, 1029
prev: 101, now 101, 1030
prev: 101, now 101, 1031
prev: 101, now 101, 1032
prev: 101, now 101, 1033
prev: 101, now 101, 1034
prev: 101, now 101, 1035
prev: 101, now 101, 1036
prev: 101, now 101, 1037
prev: 101, now 101, 1038
prev: 101, now 101, 1039
prev: 101, now 101, 1040
prev: 101, now 101, 1041
prev: 101, now 101, 1042
prev: 101, now 101, 1043
prev: 101, now 101, 1044
prev: 101, now 101, 1045
prev: 101, now 101, 1046
prev: 101, now 101, 1047
prev: 101, now 101, 1048
prev: 101, now 101, 1049
prev: 101, now 101, 1050
prev: 101, now 101, 1051
prev: 101, now 101, 1052
prev: 101, now 101, 1053
prev: 101, now 101, 1054
prev: 101, now 101, 1055
prev: 101, now 101, 1056
prev: 101, now 101, 1057
prev: 101, now 101, 1058
prev: 101, now 101, 1059
prev: 101, now 101, 1060
prev: 101, now 101, 1061
prev: 101, now 101, 1062
prev: 101, now 101, 1063
prev: 101, now 101, 1064
prev: 101, now 101, 1065
prev: 101, now 101, 1066
prev: 101, now 101, 1067
prev: 101, now 101, 1068
prev: 101, now 101, 1069
prev: 101, now 101, 1070
prev: 101, now 101, 1071
prev: 101, now 101, 1072
prev: 101, now 101, 1073
prev: 101, now 101, 1074
prev: 101, now 101, 1075
prev: 101, now 101, 1076
prev: 101, now 101, 1077
prev: 101, now 101, 1078
prev: 101, now 101, 1079
prev: 101, now 101, 1080
prev: 101, now 101, 1081
prev: 101, now 101, 1082
prev: 101, now 101, 1083
prev: 101, now 101, 1084
prev: 101, now 101, 1085
prev: 101, now 101, 1086
prev: 101, now 101, 1087
prev: 101, now 101, 1088
prev: 101, now 101, 1089
prev: 101, now 101, 1090
prev: 101, now 101, 1091
prev: 101, now 101, 1092
prev: 101, now 101, 1093
prev: 101, now 101, 1094
prev: 101, now 101, 1095
prev: 101, now 101, 1096
prev: 101, now 101, 1097
prev: 101, now 101, 1098
prev: 101, now 101, 1099
prev: 101, now 101, 1100
prev: 101, now 101, 1101
prev: 101, now 101, 1102
prev: 101, now 101, 1103
prev: 101, now 101, 1104
prev: 101, now 101, 1105
prev: 101, now 101, 1106
prev: 101, now 101, 1107
prev: 101, now 101, 1108
prev: 101, now 101, 1109
prev: 101, now 101, 1110
prev: 101, now 101, 1111
prev: 101, now 101, 1112
prev: 101, now 101, 1113
prev: 101, now 101, 1114
prev: 101, now 101, 1115
prev: 101, now 101, 1116
prev: 101, now 101, 1117
prev: 101, now 102, 1118
prev: 102, now 102, 1119
prev: 102, now 102, 1120
prev: 102, now 102, 1121
prev: 102, now 102, 1122
prev: 102, now 102, 1123
prev: 102, now 102, 1124
prev: 102, now 102, 1125
prev: 102, now 102, 1126
prev: 102, now 102, 1127
prev: 102, now 102, 1128
prev: 102, now 102, 1129
prev: 102, now 102, 1130
prev: 102, now 102, 1131
prev: 102, now 102, 1132
prev: 102, now 102, 1133
prev: 102, now 102, 1134
prev: 102, now 102, 1135
prev: 102, now 102, 1136
prev: 102, now 102, 1137
prev: 102, now 102, 1138
prev: 102, now 102, 1139
prev: 102, now 102, 1140
prev: 102, now 102, 1141
prev: 102, now 102, 1142
prev: 102, now 102, 1143
prev: 102, now 102, 1144
prev: 102, now 102, 1145
prev: 102, now 102, 1146
prev: 102, now 102, 1147
prev: 102, now 102, 1148
prev: 102, now 103, 1149
prev: 103, now 103, 1150
prev: 103, now 103, 1151
prev: 103, now 103, 1152
prev: 103, now 103, 1153
prev: 103, now 103, 1154
prev: 103, now 103, 1155
prev: 103, now 103, 1156
prev: 103, now 103, 1157
prev: 103, now 103, 1158
prev: 103, now 103, 1159
prev: 103, now 104, 1160
prev: 104, now 104, 1161
prev: 104, now 104, 1162
prev: 104, now 104, 1163
prev: 104, now 104, 1164
prev: 104, now 104, 1165
prev: 104, now 104, 1166
prev: 104, now 104, 1167
prev: 104, now 104, 1168
prev: 104, now 104, 1169
prev: 104, now 104, 1170
prev: 104, now 104, 1171
prev: 104, now 104, 1172
prev: 104, now 104, 1173
prev: 104, now 104, 1174
prev: 104, now 104, 1175
prev: 104, now 104, 1176
prev: 104, now 104, 1177
prev: 104, now 104, 1178
prev: 104, now 104, 1179
prev: 104, now 104, 1180
prev: 104, now 104, 1181
prev: 104, now 104, 1182
prev: 104, now 104, 1183
prev: 104, now 104, 1184
prev: 104, now 104, 1185
prev: 104, now 104, 1186
prev: 104, now 104, 1187
prev: 104, now 104, 1188
prev: 104, now 104, 1189
prev: 104, now 104, 1190
prev: 104, now 104, 1191
prev: 104, now 104, 1192
prev: 104, now 104, 1193
prev: 104, now 104, 1194
prev: 104, now 104, 1195
prev: 104, now 104, 1196
prev: 104, now 104, 1197
prev: 104, now 104, 1198
prev: 104, now 104, 1199
prev: 104, now 104, 1200
prev: 104, now 104, 1201
prev: 104, now 104, 1202
prev: 104, now 104, 1203
prev: 104, now 104, 1204
prev: 104, now 104, 1205
prev: 104, now 104, 1206
prev: 104, now 104, 1207
prev: 104, now 104, 1208
prev: 104, now 104, 1209
prev: 104, now 104, 1210
prev: 104, now 104, 1211
prev: 104, now 104, 1212
prev: 104, now 104, 1213
prev: 104, now 104, 1214
prev: 104, now 105, 1215
prev: 105, now 105, 1216
prev: 105, now 106, 1217
prev: 106, now 106, 1218
prev: 106, now 106, 1219
prev: 106, now 106, 1220
prev: 106, now 106, 1221
prev: 106, now 106, 1222
prev: 106, now 106, 1223
prev: 106, now 106, 1224
prev: 106, now 106, 1225
prev: 106, now 106, 1226
prev: 106, now 106, 1227
prev: 106, now 106, 1228
prev: 106, now 106, 1229
prev: 106, now 106, 1230
prev: 106, now 106, 1231
prev: 106, now 106, 1232
prev: 106, now 106, 1233
prev: 106, now 106, 1234
prev: 106, now 106, 1235
prev: 106, now 106, 1236
prev: 106, now 106, 1237
prev: 106, now 106, 1238
prev: 106, now 106, 1239
prev: 106, now 106, 1240
prev: 106, now 106, 1241
prev: 106, now 106, 1242
prev: 106, now 106, 1243
prev: 106, now 106, 1244
prev: 106, now 106, 1245
prev: 106, now 106, 1246
prev: 106, now 106, 1247
prev: 106, now 106, 1248
prev: 106, now 106, 1249
prev: 106, now 106, 1250
prev: 106, now 106, 1251
prev: 106, now 106, 1252
prev: 106, now 106, 1253
prev: 106, now 106, 1254
prev: 106, now 106, 1255
prev: 106, now 106, 1256
prev: 106, now 106, 1257
prev: 106, now 106, 1258
prev: 106, now 106, 1259
prev: 106, now 106, 1260
prev: 106, now 106, 1261
prev: 106, now 106, 1262
prev: 106, now 106, 1263
prev: 106, now 107, 1264
prev: 107, now 107, 1265
prev: 107, now 107, 1266
prev: 107, now 107, 1267
prev: 107, now 107, 1268
prev: 107, now 107, 1269
prev: 107, now 107, 1270
prev: 107, now 107, 1271
prev: 107, now 107, 1272
prev: 107, now 107, 1273
prev: 107, now 107, 1274
prev: 107, now 107, 1275
prev: 107, now 107, 1276
prev: 107, now 107, 1277
prev: 107, now 108, 1278
prev: 108, now 108, 1279
prev: 108, now 108, 1280
prev: 108, now 108, 1281
prev: 108, now 108, 1282
prev: 108, now 108, 1283
prev: 108, now 108, 1284
prev: 108, now 108, 1285
prev: 108, now 108, 1286
prev: 108, now 108, 1287
prev: 108, now 108, 1288
prev: 108, now 108, 1289
prev: 108, now 108, 1290
prev: 108, now 108, 1291
prev: 108, now 108, 1292
prev: 108, now 108, 1293
prev: 108, now 108, 1294
prev: 108, now 108, 1295
prev: 108, now 108, 1296
prev: 108, now 108, 1297
prev: 108, now 108, 1298
prev: 108, now 108, 1299
prev: 108, now 108, 1300
prev: 108, now 108, 1301
prev: 108, now 108, 1302
prev: 108, now 108, 1303
prev: 108, now 108, 1304
prev: 108, now 108, 1305
prev: 108, now 108, 1306
prev: 108, now 108, 1307
prev: 108, now 108, 1308
prev: 108, now 108, 1309
prev: 108, now 108, 1310
prev: 108, now 108, 1311
prev: 108, now 108, 1312
prev: 108, now 108, 1313
prev: 108, now 108, 1314
prev: 108, now 108, 1315
prev: 108, now 108, 1316
prev: 108, now 108, 1317
prev: 108, now 108, 1318
prev: 108, now 108, 1319
prev: 108, now 108, 1320
prev: 108, now 108, 1321
prev: 108, now 108, 1322
prev: 108, now 108, 1323
prev: 108, now 108, 1324
prev: 108, now 108, 1325
prev: 108, now 108, 1326
prev: 108, now 108, 1327
prev: 108, now 108, 1328
prev: 108, now 108, 1329
prev: 108, now 108, 1330
prev: 108, now 108, 1331
prev: 108, now 108, 1332
prev: 108, now 108, 1333
prev: 108, now 108, 1334
prev: 108, now 108, 1335
prev: 108, now 108, 1336
prev: 108, now 108, 1337
prev: 108, now 108, 1338
prev: 108, now 108, 1339
prev: 108, now 108, 1340
prev: 108, now 108, 1341
prev: 108, now 108, 1342
prev: 108, now 108, 1343
prev: 108, now 108, 1344
prev: 108, now 108, 1345
prev: 108, now 108, 1346
prev: 108, now 108, 1347
prev: 108, now 108, 1348
prev: 108, now 108, 1349
prev: 108, now 108, 1350
prev: 108, now 108, 1351
prev: 108, now 108, 1352
prev: 108, now 108, 1353
prev: 108, now 108, 1354
prev: 108, now 108, 1355
prev: 108, now 108, 1356
prev: 108, now 108, 1357
prev: 108, now 108, 1358
prev: 108, now 108, 1359
prev: 108, now 108, 1360
prev: 108, now 108, 1361
prev: 108, now 108, 1362
prev: 108, now 108, 1363
prev: 108, now 109, 1364
prev: 109, now 109, 1365
prev: 109, now 109, 1366
prev: 109, now 109, 1367
prev: 109, now 109, 1368
prev: 109, now 109, 1369
prev: 109, now 109, 1370
prev: 109, now 109, 1371
prev: 109, now 109, 1372
prev: 109, now 109, 1373
prev: 109, now 109, 1374
prev: 109, now 109, 1375
prev: 109, now 109, 1376
prev: 109, now 109, 1377
prev: 109, now 109, 1378
prev: 109, now 109, 1379
prev: 109, now 109, 1380
prev: 109, now 109, 1381
prev: 109, now 109, 1382
prev: 109, now 109, 1383
prev: 109, now 109, 1384
prev: 109, now 109, 1385
prev: 109, now 109, 1386
prev: 109, now 109, 1387
prev: 109, now 109, 1388
prev: 109, now 109, 1389
prev: 109, now 109, 1390
prev: 109, now 109, 1391
prev: 109, now 109, 1392
prev: 109, now 109, 1393
prev: 109, now 109, 1394
prev: 109, now 109, 1395
prev: 109, now 109, 1396
prev: 109, now 109, 1397
prev: 109, now 109, 1398
prev: 109, now 109, 1399
prev: 109, now 109, 1400
prev: 109, now 109, 1401
prev: 109, now 109, 1402
prev: 109, now 109, 1403
prev: 109, now 109, 1404
prev: 109, now 109, 1405
prev: 109, now 109, 1406
prev: 109, now 109, 1407
prev: 109, now 109, 1408
prev: 109, now 109, 1409
prev: 109, now 109, 1410
prev: 109, now 109, 1411
prev: 109, now 109, 1412
prev: 109, now 109, 1413
prev: 109, now 109, 1414
prev: 109, now 109, 1415
prev: 109, now 109, 1416
prev: 109, now 109, 1417
prev: 109, now 109, 1418
prev: 109, now 109, 1419
prev: 109, now 109, 1420
prev: 109, now 109, 1421
prev: 109, now 109, 1422
prev: 109, now 109, 1423
prev: 109, now 109, 1424
prev: 109, now 109, 1425
prev: 109, now 110, 1426
prev: 110, now 110, 1427
prev: 110, now 110, 1428
prev: 110, now 110, 1429
prev: 110, now 110, 1430
prev: 110, now 110, 1431
prev: 110, now 110, 1432
prev: 110, now 110, 1433
prev: 110, now 110, 1434
prev: 110, now 110, 1435
prev: 110, now 110, 1436
prev: 110, now 110, 1437
prev: 110, now 110, 1438
prev: 110, now 110, 1439
prev: 110, now 110, 1440
prev: 110, now 110, 1441
prev: 110, now 110, 1442
prev: 110, now 110, 1443
prev: 110, now 110, 1444
prev: 110, now 110, 1445
prev: 110, now 110, 1446
prev: 110, now 110, 1447
prev: 110, now 110, 1448
prev: 110, now 111, 1449
prev: 111, now 111, 1450
prev: 111, now 111, 1451
prev: 111, now 111, 1452
prev: 111, now 111, 1453
prev: 111, now 111, 1454
prev: 111, now 111, 1455
prev: 111, now 111, 1456
prev: 111, now 111, 1457
prev: 111, now 111, 1458
prev: 111, now 111, 1459
prev: 111, now 111, 1460
prev: 111, now 111, 1461
prev: 111, now 111, 1462
prev: 111, now 111, 1463
prev: 111, now 111, 1464
prev: 111, now 111, 1465
prev: 111, now 111, 1466
prev: 111, now 111, 1467
prev: 111, now 111, 1468
prev: 111, now 111, 1469
prev: 111, now 111, 1470
prev: 111, now 111, 1471
prev: 111, now 111, 1472
prev: 111, now 111, 1473
prev: 111, now 111, 1474
prev: 111, now 111, 1475
prev: 111, now 111, 1476
prev: 111, now 111, 1477
prev: 111, now 111, 1478
prev: 111, now 111, 1479
prev: 111, now 111, 1480
prev: 111, now 111, 1481
prev: 111, now 111, 1482
prev: 111, now 111, 1483
prev: 111, now 111, 1484
prev: 111, now 111, 1485
prev: 111, now 111, 1486
prev: 111, now 111, 1487
prev: 111, now 111, 1488
prev: 111, now 111, 1489
prev: 111, now 111, 1490
prev: 111, now 111, 1491
prev: 111, now 111, 1492
prev: 111, now 111, 1493
prev: 111, now 111, 1494
prev: 111, now 111, 1495
prev: 111, now 111, 1496
prev: 111, now 111, 1497
prev: 111, now 111, 1498
prev: 111, now 111, 1499
prev: 111, now 111, 1500
prev: 111, now 111, 1501
prev: 111, now 111, 1502
prev: 111, now 111, 1503
prev: 111, now 111, 1504
prev: 111, now 111, 1505
prev: 111, now 111, 1506
prev: 111, now 111, 1507
prev: 111, now 111, 1508
prev: 111, now 111, 1509
prev: 111, now 111, 1510
prev: 111, now 111, 1511
prev: 111, now 112, 1512
prev: 112, now 112, 1513
prev: 112, now 112, 1514
prev: 112, now 112, 1515
prev: 112, now 112, 1516
prev: 112, now 112, 1517
prev: 112, now 112, 1518
prev: 112, now 112, 1519
prev: 112, now 112, 1520
prev: 112, now 112, 1521
prev: 112, now 112, 1522
prev: 112, now 112, 1523
prev: 112, now 112, 1524
prev: 112, now 112, 1525
prev: 112, now 112, 1526
prev: 112, now 112, 1527
prev: 112, now 112, 1528
prev: 112, now 112, 1529
prev: 112, now 112, 1530
prev: 112, now 112, 1531
prev: 112, now 112, 1532
prev: 112, now 112, 1533
prev: 112, now 112, 1534
prev: 112, now 112, 1535
prev: 112, now 112, 1536
prev: 112, now 112, 1537
prev: 112, now 112, 1538
prev: 112, now 112, 1539
prev: 112, now 112, 1540
prev: 112, now 112, 1541
prev: 112, now 112, 1542
prev: 112, now 112, 1543
prev: 112, now 112, 1544
prev: 112, now 112, 1545
prev: 112, now 112, 1546
prev: 112, now 112, 1547
prev: 112, now 112, 1548
prev: 112, now 112, 1549
prev: 112, now 112, 1550
prev: 112, now 112, 1551
prev: 112, now 112, 1552
prev: 112, now 112, 1553
prev: 112, now 112, 1554
prev: 112, now 112, 1555
prev: 112, now 112, 1556
prev: 112, now 112, 1557
prev: 112, now 112, 1558
prev: 112, now 112, 1559
prev: 112, now 112, 1560
prev: 112, now 112, 1561
prev: 112, now 112, 1562
prev: 112, now 112, 1563
prev: 112, now 112, 1564
prev: 112, now 112, 1565
prev: 112, now 112, 1566
prev: 112, now 112, 1567
prev: 112, now 112, 1568
prev: 112, now 112, 1569
prev: 112, now 112, 1570
prev: 112, now 112, 1571
prev: 112, now 112, 1572
prev: 112, now 112, 1573
prev: 112, now 112, 1574
prev: 112, now 112, 1575
prev: 112, now 112, 1576
prev: 112, now 112, 1577
prev: 112, now 112, 1578
prev: 112, now 112, 1579
prev: 112, now 112, 1580
prev: 112, now 112, 1581
prev: 112, now 112, 1582
prev: 112, now 112, 1583
prev: 112, now 112, 1584
prev: 112, now 112, 1585
prev: 112, now 112, 1586
prev: 112, now 112, 1587
prev: 112, now 112, 1588
prev: 112, now 112, 1589
prev: 112, now 112, 1590
prev: 112, now 112, 1591
prev: 112, now 112, 1592
prev: 112, now 112, 1593
prev: 112, now 112, 1594
prev: 112, now 112, 1595
prev: 112, now 112, 1596
prev: 112, now 112, 1597
prev: 112, now 112, 1598
prev: 112, now 112, 1599
prev: 112, now 112, 1600
prev: 112, now 112, 1601
prev: 112, now 112, 1602
prev: 112, now 112, 1603
prev: 112, now 112, 1604
prev: 112, now 112, 1605
prev: 112, now 112, 1606
prev: 112, now 112, 1607
prev: 112, now 112, 1608
prev: 112, now 112, 1609
prev: 112, now 112, 1610
prev: 112, now 112, 1611
prev: 112, now 112, 1612
prev: 112, now 112, 1613
prev: 112, now 112, 1614
prev: 112, now 112, 1615
prev: 112, now 112, 1616
prev: 112, now 112, 1617
prev: 112, now 112, 1618
prev: 112, now 112, 1619
prev: 112, now 112, 1620
prev: 112, now 112, 1621
prev: 112, now 112, 1622
prev: 112, now 112, 1623
prev: 112, now 112, 1624
prev: 112, now 112, 1625
prev: 112, now 112, 1626
prev: 112, now 112, 1627
prev: 112, now 112, 1628
prev: 112, now 112, 1629
prev: 112, now 112, 1630
prev: 112, now 112, 1631
prev: 112, now 112, 1632
prev: 112, now 112, 1633
prev: 112, now 112, 1634
prev: 112, now 112, 1635
prev: 112, now 112, 1636
prev: 112, now 112, 1637
prev: 112, now 112, 1638
prev: 112, now 112, 1639
prev: 112, now 112, 1640
prev: 112, now 112, 1641
prev: 112, now 112, 1642
prev: 112, now 112, 1643
prev: 112, now 112, 1644
prev: 112, now 112, 1645
prev: 112, now 112, 1646
prev: 112, now 112, 1647
prev: 112, now 112, 1648
prev: 112, now 112, 1649
prev: 112, now 112, 1650
prev: 112, now 112, 1651
prev: 112, now 112, 1652
prev: 112, now 113, 1653
prev: 113, now 113, 1654
prev: 113, now 113, 1655
prev: 113, now 113, 1656
prev: 113, now 113, 1657
prev: 113, now 113, 1658
prev: 113, now 113, 1659
prev: 113, now 113, 1660
prev: 113, now 113, 1661
prev: 113, now 113, 1662
prev: 113, now 113, 1663
prev: 113, now 113, 1664
prev: 113, now 113, 1665
prev: 113, now 113, 1666
prev: 113, now 113, 1667
prev: 113, now 113, 1668
prev: 113, now 113, 1669
prev: 113, now 113, 1670
prev: 113, now 113, 1671
prev: 113, now 113, 1672
prev: 113, now 113, 1673
prev: 113, now 113, 1674
prev: 113, now 113, 1675
prev: 113, now 113, 1676
prev: 113, now 113, 1677
prev: 113, now 113, 1678
prev: 113, now 113, 1679
prev: 113, now 113, 1680
prev: 113, now 113, 1681
prev: 113, now 113, 1682
prev: 113, now 113, 1683
prev: 113, now 113, 1684
prev: 113, now 113, 1685
prev: 113, now 113, 1686
prev: 113, now 113, 1687
prev: 113, now 113, 1688
prev: 113, now 113, 1689
prev: 113, now 113, 1690
prev: 113, now 113, 1691
prev: 113, now 113, 1692
prev: 113, now 113, 1693
prev: 113, now 113, 1694
prev: 113, now 113, 1695
prev: 113, now 113, 1696
prev: 113, now 113, 1697
prev: 113, now 113, 1698
prev: 113, now 113, 1699
prev: 113, now 113, 1700
prev: 113, now 113, 1701
prev: 113, now 113, 1702
prev: 113, now 113, 1703
prev: 113, now 113, 1704
prev: 113, now 113, 1705
prev: 113, now 113, 1706
prev: 113, now 113, 1707
prev: 113, now 113, 1708
prev: 113, now 113, 1709
prev: 113, now 113, 1710
prev: 113, now 113, 1711
prev: 113, now 113, 1712
prev: 113, now 113, 1713
prev: 113, now 113, 1714
prev: 113, now 113, 1715
prev: 113, now 113, 1716
prev: 113, now 113, 1717
prev: 113, now 113, 1718
prev: 113, now 113, 1719
prev: 113, now 113, 1720
prev: 113, now 113, 1721
prev: 113, now 113, 1722
prev: 113, now 113, 1723
prev: 113, now 113, 1724
prev: 113, now 113, 1725
prev: 113, now 113, 1726
prev: 113, now 113, 1727
prev: 113, now 113, 1728
prev: 113, now 113, 1729
prev: 113, now 113, 1730
prev: 113, now 113, 1731
prev: 113, now 113, 1732
prev: 113, now 113, 1733
prev: 113, now 113, 1734
prev: 113, now 113, 1735
prev: 113, now 113, 1736
prev: 113, now 113, 1737
prev: 113, now 113, 1738
prev: 113, now 113, 1739
prev: 113, now 113, 1740
prev: 113, now 113, 1741
prev: 113, now 113, 1742
prev: 113, now 113, 1743
prev: 113, now 113, 1744
prev: 113, now 113, 1745
prev: 113, now 113, 1746
prev: 113, now 113, 1747
prev: 113, now 113, 1748
prev: 113, now 113, 1749
prev: 113, now 113, 1750
prev: 113, now 113, 1751
prev: 113, now 113, 1752
prev: 113, now 113, 1753
prev: 113, now 113, 1754
prev: 113, now 113, 1755
prev: 113, now 113, 1756
prev: 113, now 113, 1757
prev: 113, now 113, 1758
prev: 113, now 113, 1759
prev: 113, now 113, 1760
prev: 113, now 113, 1761
prev: 113, now 113, 1762
prev: 113, now 113, 1763
prev: 113, now 113, 1764
prev: 113, now 113, 1765
prev: 113, now 113, 1766
prev: 113, now 113, 1767
prev: 113, now 113, 1768
prev: 113, now 113, 1769
prev: 113, now 113, 1770
prev: 113, now 113, 1771
prev: 113, now 113, 1772
prev: 113, now 113, 1773
prev: 113, now 113, 1774
prev: 113, now 113, 1775
prev: 113, now 113, 1776
prev: 113, now 113, 1777
prev: 113, now 113, 1778
prev: 113, now 113, 1779
prev: 113, now 113, 1780
prev: 113, now 113, 1781
prev: 113, now 113, 1782
prev: 113, now 113, 1783
prev: 113, now 113, 1784
prev: 113, now 113, 1785
prev: 113, now 113, 1786
prev: 113, now 113, 1787
prev: 113, now 113, 1788
prev: 113, now 113, 1789
prev: 113, now 113, 1790
prev: 113, now 113, 1791
prev: 113, now 113, 1792
prev: 113, now 113, 1793
prev: 113, now 113, 1794
prev: 113, now 113, 1795
prev: 113, now 113, 1796
prev: 113, now 113, 1797
prev: 113, now 113, 1798
prev: 113, now 113, 1799
prev: 113, now 113, 1800
prev: 113, now 113, 1801
prev: 113, now 113, 1802
prev: 113, now 113, 1803
prev: 113, now 113, 1804
prev: 113, now 113, 1805
prev: 113, now 113, 1806
prev: 113, now 113, 1807
prev: 113, now 113, 1808
prev: 113, now 113, 1809
prev: 113, now 113, 1810
prev: 113, now 113, 1811
prev: 113, now 113, 1812
prev: 113, now 113, 1813
prev: 113, now 113, 1814
prev: 113, now 113, 1815
prev: 113, now 113, 1816
prev: 113, now 113, 1817
prev: 113, now 113, 1818
prev: 113, now 113, 1819
prev: 113, now 113, 1820
prev: 113, now 113, 1821
prev: 113, now 113, 1822
prev: 113, now 113, 1823
prev: 113, now 113, 1824
prev: 113, now 113, 1825
prev: 113, now 113, 1826
prev: 113, now 113, 1827
prev: 113, now 113, 1828
prev: 113, now 113, 1829
prev: 113, now 113, 1830
prev: 113, now 113, 1831
prev: 113, now 113, 1832
prev: 113, now 113, 1833
prev: 113, now 113, 1834
prev: 113, now 113, 1835
prev: 113, now 113, 1836
prev: 113, now 113, 1837
prev: 113, now 113, 1838
prev: 113, now 113, 1839
prev: 113, now 113, 1840
prev: 113, now 113, 1841
prev: 113, now 114, 1842
prev: 114, now 114, 1843
prev: 114, now 114, 1844
prev: 114, now 114, 1845
prev: 114, now 114, 1846
prev: 114, now 114, 1847
prev: 114, now 114, 1848
prev: 114, now 114, 1849
prev: 114, now 114, 1850
prev: 114, now 114, 1851
prev: 114, now 114, 1852
prev: 114, now 114, 1853
prev: 114, now 114, 1854
prev: 114, now 114, 1855
prev: 114, now 114, 1856
prev: 114, now 114, 1857
prev: 114, now 114, 1858
prev: 114, now 114, 1859
prev: 114, now 114, 1860
prev: 114, now 114, 1861
prev: 114, now 114, 1862
prev: 114, now 114, 1863
prev: 114, now 114, 1864
prev: 114, now 114, 1865
prev: 114, now 114, 1866
prev: 114, now 114, 1867
prev: 114, now 114, 1868
prev: 114, now 114, 1869
prev: 114, now 114, 1870
prev: 114, now 114, 1871
prev: 114, now 114, 1872
prev: 114, now 114, 1873
prev: 114, now 114, 1874
prev: 114, now 115, 1875
prev: 115, now 115, 1876
prev: 115, now 115, 1877
prev: 115, now 115, 1878
prev: 115, now 115, 1879
prev: 115, now 115, 1880
prev: 115, now 115, 1881
prev: 115, now 115, 1882
prev: 115, now 115, 1883
prev: 115, now 115, 1884
prev: 115, now 115, 1885
prev: 115, now 115, 1886
prev: 115, now 115, 1887
prev: 115, now 115, 1888
prev: 115, now 115, 1889
prev: 115, now 115, 1890
prev: 115, now 115, 1891
prev: 115, now 115, 1892
prev: 115, now 115, 1893
prev: 115, now 115, 1894
prev: 115, now 115, 1895
prev: 115, now 115, 1896
prev: 115, now 115, 1897
prev: 115, now 115, 1898
prev: 115, now 115, 1899
prev: 115, now 115, 1900
prev: 115, now 115, 1901
prev: 115, now 115, 1902
prev: 115, now 115, 1903
prev: 115, now 115, 1904
prev: 115, now 115, 1905
prev: 115, now 115, 1906
prev: 115, now 115, 1907
prev: 115, now 115, 1908
prev: 115, now 115, 1909
prev: 115, now 115, 1910
prev: 115, now 115, 1911
prev: 115, now 115, 1912
prev: 115, now 115, 1913
prev: 115, now 115, 1914
prev: 115, now 115, 1915
prev: 115, now 115, 1916
prev: 115, now 115, 1917
prev: 115, now 115, 1918
prev: 115, now 115, 1919
prev: 115, now 115, 1920
prev: 115, now 115, 1921
prev: 115, now 115, 1922
prev: 115, now 115, 1923
prev: 115, now 115, 1924
prev: 115, now 115, 1925
prev: 115, now 115, 1926
prev: 115, now 115, 1927
prev: 115, now 115, 1928
prev: 115, now 115, 1929
prev: 115, now 115, 1930
prev: 115, now 116, 1931
prev: 116, now 116, 1932
prev: 116, now 116, 1933
prev: 116, now 116, 1934
prev: 116, now 116, 1935
prev: 116, now 116, 1936
prev: 116, now 116, 1937
prev: 116, now 116, 1938
prev: 116, now 116, 1939
prev: 116, now 116, 1940
prev: 116, now 116, 1941
prev: 116, now 116, 1942
prev: 116, now 116, 1943
prev: 116, now 116, 1944
prev: 116, now 116, 1945
prev: 116, now 116, 1946
prev: 116, now 116, 1947
prev: 116, now 116, 1948
prev: 116, now 116, 1949
prev: 116, now 116, 1950
prev: 116, now 116, 1951
prev: 116, now 116, 1952
prev: 116, now 116, 1953
prev: 116, now 116, 1954
prev: 116, now 116, 1955
prev: 116, now 116, 1956
prev: 116, now 116, 1957
prev: 116, now 116, 1958
prev: 116, now 116, 1959
prev: 116, now 116, 1960
prev: 116, now 116, 1961
prev: 116, now 116, 1962
prev: 116, now 116, 1963
prev: 116, now 116, 1964
prev: 116, now 116, 1965
prev: 116, now 116, 1966
prev: 116, now 116, 1967
prev: 116, now 116, 1968
prev: 116, now 116, 1969
prev: 116, now 116, 1970
prev: 116, now 116, 1971
prev: 116, now 116, 1972
prev: 116, now 116, 1973
prev: 116, now 116, 1974
prev: 116, now 116, 1975
prev: 116, now 116, 1976
prev: 116, now 116, 1977
prev: 116, now 116, 1978
prev: 116, now 116, 1979
prev: 116, now 116, 1980
prev: 116, now 116, 1981
prev: 116, now 116, 1982
prev: 116, now 116, 1983
prev: 116, now 116, 1984
prev: 116, now 116, 1985
prev: 116, now 116, 1986
prev: 116, now 116, 1987
prev: 116, now 116, 1988
prev: 116, now 116, 1989
prev: 116, now 116, 1990
prev: 116, now 116, 1991
prev: 116, now 116, 1992
prev: 116, now 116, 1993
prev: 116, now 116, 1994
prev: 116, now 116, 1995
prev: 116, now 116, 1996
prev: 116, now 116, 1997
prev: 116, now 116, 1998
prev: 116, now 116, 1999
prev: 116, now 116, 2000
prev: 116, now 116, 2001
prev: 116, now 116, 2002
prev: 116, now 116, 2003
prev: 116, now 116, 2004
prev: 116, now 116, 2005
prev: 116, now 116, 2006
prev: 116, now 116, 2007
prev: 116, now 116, 2008
prev: 116, now 116, 2009
prev: 116, now 116, 2010
prev: 116, now 116, 2011
prev: 116, now 116, 2012
prev: 116, now 116, 2013
prev: 116, now 116, 2014
prev: 116, now 116, 2015
prev: 116, now 116, 2016
prev: 116, now 116, 2017
prev: 116, now 116, 2018
prev: 116, now 116, 2019
prev: 116, now 116, 2020
prev: 116, now 116, 2021
prev: 116, now 116, 2022
prev: 116, now 116, 2023
prev: 116, now 116, 2024
prev: 116, now 116, 2025
prev: 116, now 116, 2026
prev: 116, now 116, 2027
prev: 116, now 116, 2028
prev: 116, now 116, 2029
prev: 116, now 116, 2030
prev: 116, now 116, 2031
prev: 116, now 116, 2032
prev: 116, now 116, 2033
prev: 116, now 116, 2034
prev: 116, now 116, 2035
prev: 116, now 116, 2036
prev: 116, now 116, 2037
prev: 116, now 116, 2038
prev: 116, now 116, 2039
prev: 116, now 116, 2040
prev: 116, now 116, 2041
prev: 116, now 116, 2042
prev: 116, now 116, 2043
prev: 116, now 116, 2044
prev: 116, now 116, 2045
prev: 116, now 116, 2046
prev: 116, now 116, 2047
prev: 116, now 116, 2048
prev: 116, now 116, 2049
prev: 116, now 116, 2050
prev: 116, now 116, 2051
prev: 116, now 116, 2052
prev: 116, now 116, 2053
prev: 116, now 116, 2054
prev: 116, now 116, 2055
prev: 116, now 116, 2056
prev: 116, now 116, 2057
prev: 116, now 116, 2058
prev: 116, now 116, 2059
prev: 116, now 116, 2060
prev: 116, now 116, 2061
prev: 116, now 116, 2062
prev: 116, now 116, 2063
prev: 116, now 116, 2064
prev: 116, now 116, 2065
prev: 116, now 116, 2066
prev: 116, now 116, 2067
prev: 116, now 116, 2068
prev: 116, now 116, 2069
prev: 116, now 116, 2070
prev: 116, now 116, 2071
prev: 116, now 116, 2072
prev: 116, now 116, 2073
prev: 116, now 116, 2074
prev: 116, now 116, 2075
prev: 116, now 116, 2076
prev: 116, now 116, 2077
prev: 116, now 116, 2078
prev: 116, now 116, 2079
prev: 116, now 117, 2080
prev: 117, now 117, 2081
prev: 117, now 117, 2082
prev: 117, now 117, 2083
prev: 117, now 117, 2084
prev: 117, now 117, 2085
prev: 117, now 117, 2086
prev: 117, now 117, 2087
prev: 117, now 117, 2088
prev: 117, now 117, 2089
prev: 117, now 117, 2090
prev: 117, now 117, 2091
prev: 117, now 117, 2092
prev: 117, now 117, 2093
prev: 117, now 117, 2094
prev: 117, now 117, 2095
prev: 117, now 117, 2096
prev: 117, now 117, 2097
prev: 117, now 117, 2098
prev: 117, now 117, 2099
prev: 117, now 117, 2100
prev: 117, now 117, 2101
prev: 117, now 117, 2102
prev: 117, now 117, 2103
prev: 117, now 117, 2104
prev: 117, now 117, 2105
prev: 117, now 117, 2106
prev: 117, now 117, 2107
prev: 117, now 117, 2108
prev: 117, now 117, 2109
prev: 117, now 117, 2110
prev: 117, now 117, 2111
prev: 117, now 117, 2112
prev: 117, now 117, 2113
prev: 117, now 117, 2114
prev: 117, now 117, 2115
prev: 117, now 117, 2116
prev: 117, now 117, 2117
prev: 117, now 117, 2118
prev: 117, now 117, 2119
prev: 117, now 117, 2120
prev: 117, now 117, 2121
prev: 117, now 117, 2122
prev: 117, now 117, 2123
prev: 117, now 117, 2124
prev: 117, now 117, 2125
prev: 117, now 117, 2126
prev: 117, now 117, 2127
prev: 117, now 117, 2128
prev: 117, now 117, 2129
prev: 117, now 117, 2130
prev: 117, now 117, 2131
prev: 117, now 117, 2132
prev: 117, now 117, 2133
prev: 117, now 117, 2134
prev: 117, now 118, 2135
prev: 118, now 118, 2136
prev: 118, now 118, 2137
prev: 118, now 118, 2138
prev: 118, now 118, 2139
prev: 118, now 118, 2140
prev: 118, now 118, 2141
prev: 118, now 118, 2142
prev: 118, now 118, 2143
prev: 118, now 118, 2144
prev: 118, now 118, 2145
prev: 118, now 118, 2146
prev: 118, now 118, 2147
prev: 118, now 118, 2148
prev: 118, now 118, 2149
prev: 118, now 119, 2150
prev: 119, now 119, 2151
prev: 119, now 119, 2152
prev: 119, now 119, 2153
prev: 119, now 119, 2154
prev: 119, now 119, 2155
prev: 119, now 119, 2156
prev: 119, now 119, 2157
prev: 119, now 119, 2158
prev: 119, now 119, 2159
prev: 119, now 119, 2160
prev: 119, now 119, 2161
prev: 119, now 119, 2162
prev: 119, now 119, 2163
prev: 119, now 119, 2164
prev: 119, now 119, 2165
prev: 119, now 119, 2166
prev: 119, now 119, 2167
prev: 119, now 119, 2168
prev: 119, now 119, 2169
prev: 119, now 119, 2170
prev: 119, now 119, 2171
prev: 119, now 119, 2172
prev: 119, now 119, 2173
prev: 119, now 119, 2174
prev: 119, now 119, 2175
prev: 119, now 119, 2176
prev: 119, now 119, 2177
prev: 119, now 119, 2178
prev: 119, now 119, 2179
prev: 119, now 119, 2180
prev: 119, now 119, 2181
prev: 119, now 119, 2182
prev: 119, now 119, 2183
prev: 119, now 119, 2184
prev: 119, now 119, 2185
prev: 119, now 119, 2186
prev: 119, now 119, 2187
prev: 119, now 119, 2188
prev: 119, now 119, 2189
prev: 119, now 119, 2190
prev: 119, now 119, 2191
prev: 119, now 119, 2192
prev: 119, now 119, 2193
prev: 119, now 119, 2194
prev: 119, now 119, 2195
prev: 119, now 119, 2196
prev: 119, now 119, 2197
prev: 119, now 119, 2198
prev: 119, now 119, 2199
prev: 119, now 119, 2200
prev: 119, now 119, 2201
prev: 119, now 119, 2202
prev: 119, now 119, 2203
prev: 119, now 119, 2204
prev: 119, now 119, 2205
prev: 119, now 119, 2206
prev: 119, now 119, 2207
prev: 119, now 119, 2208
prev: 119, now 119, 2209
prev: 119, now 119, 2210
prev: 119, now 119, 2211
prev: 119, now 119, 2212
prev: 119, now 119, 2213
prev: 119, now 119, 2214
prev: 119, now 119, 2215
prev: 119, now 119, 2216
prev: 119, now 119, 2217
prev: 119, now 119, 2218
prev: 119, now 119, 2219
prev: 119, now 119, 2220
prev: 119, now 119, 2221
prev: 119, now 119, 2222
prev: 119, now 119, 2223
prev: 119, now 119, 2224
prev: 119, now 119, 2225
prev: 119, now 119, 2226
prev: 119, now 119, 2227
prev: 119, now 119, 2228
prev: 119, now 119, 2229
prev: 119, now 119, 2230
prev: 119, now 119, 2231
prev: 119, now 119, 2232
prev: 119, now 119, 2233
prev: 119, now 119, 2234
prev: 119, now 119, 2235
prev: 119, now 119, 2236
prev: 119, now 119, 2237
prev: 119, now 119, 2238
prev: 119, now 119, 2239
prev: 119, now 119, 2240
prev: 119, now 119, 2241
prev: 119, now 119, 2242
prev: 119, now 119, 2243
prev: 119, now 119, 2244
prev: 119, now 119, 2245
prev: 119, now 119, 2246
prev: 119, now 119, 2247
prev: 119, now 120, 2248
prev: 120, now 120, 2249
prev: 120, now 120, 2250
prev: 120, now 120, 2251
prev: 120, now 120, 2252
prev: 120, now 120, 2253
prev: 120, now 120, 2254
prev: 120, now 120, 2255
prev: 120, now 120, 2256
prev: 120, now 120, 2257
prev: 120, now 120, 2258
prev: 120, now 120, 2259
prev: 120, now 120, 2260
prev: 120, now 120, 2261
prev: 120, now 120, 2262
prev: 120, now 120, 2263
prev: 120, now 120, 2264
prev: 120, now 120, 2265
prev: 120, now 120, 2266
prev: 120, now 120, 2267
prev: 120, now 120, 2268
prev: 120, now 120, 2269
prev: 120, now 120, 2270
prev: 120, now 120, 2271
prev: 120, now 120, 2272
prev: 120, now 120, 2273
prev: 120, now 120, 2274
prev: 120, now 120, 2275
prev: 120, now 120, 2276
prev: 120, now 120, 2277
prev: 120, now 120, 2278
prev: 120, now 120, 2279
prev: 120, now 120, 2280
prev: 120, now 120, 2281
prev: 120, now 120, 2282
prev: 120, now 120, 2283
prev: 120, now 120, 2284
prev: 120, now 120, 2285
prev: 120, now 120, 2286
prev: 120, now 120, 2287
prev: 120, now 120, 2288
prev: 120, now 120, 2289
prev: 120, now 120, 2290
prev: 120, now 120, 2291
prev: 120, now 120, 2292
prev: 120, now 120, 2293
prev: 120, now 120, 2294
prev: 120, now 120, 2295
prev: 120, now 120, 2296
prev: 120, now 120, 2297
prev: 120, now 120, 2298
prev: 120, now 120, 2299
prev: 120, now 120, 2300
prev: 120, now 120, 2301
prev: 120, now 120, 2302
prev: 120, now 120, 2303
prev: 120, now 120, 2304
prev: 120, now 120, 2305
prev: 120, now 120, 2306
prev: 120, now 120, 2307
prev: 120, now 120, 2308
prev: 120, now 120, 2309
prev: 120, now 120, 2310
prev: 120, now 120, 2311
prev: 120, now 120, 2312
prev: 120, now 120, 2313
prev: 120, now 120, 2314
120 total patterns in 47.778
Set(120) {
  'orange,black,orange,black,orange,green',
  'black,black,black,green,black,green',
  'black,black,black,orange,black,green',
  'orange,black,black,black,black,green',
  'orange,black,black,orange,black,green',
  'black,orange,black,black,black,green',
  'black,orange,black,black,orange,green',
  'black,orange,black,orange,black,green',
  'black,black,orange,orange,orange,green',
  'orange,black,orange,orange,orange,green',
  'black,black,black,black,orange,green',
  'black,orange,black,green,black,green',
  'black,black,orange,black,orange,green',
  'black,black,orange,black,black,green',
  'orange,black,orange,green,black,green',
  'orange,green,black,green,black,green',
  'black,black,black,green,orange,green',
  'black,green,orange,black,black,green',
  'black,black,black,black,black,green',
  'black,green,black,green,orange,green',
  'black,black,black,orange,green,green',
  'orange,orange,black,orange,black,green',
  'orange,orange,orange,black,black,green',
  'black,black,orange,green,orange,green',
  'black,orange,green,black,black,green',
  'black,black,orange,green,black,green',
  'black,green,black,orange,black,green',
  'orange,black,black,orange,orange,green',
  'black,orange,black,orange,orange,green',
  'orange,orange,black,green,black,green',
  'black,green,orange,black,orange,green',
  'black,green,green,black,black,green',
  'black,black,green,black,orange,green',
  'black,black,orange,orange,black,green',
  'black,green,black,orange,orange,green',
  'black,black,green,black,black,green',
  'orange,black,black,black,orange,green',
  'orange,black,orange,black,black,green',
  'black,orange,green,green,black,green',
  'black,green,black,black,black,green',
  'orange,green,black,orange,black,green',
  'orange,orange,black,black,black,green',
  'black,orange,black,black,green,green',
  'orange,black,black,green,orange,green',
  'black,orange,orange,black,black,green',
  'black,orange,orange,black,orange,green',
  'orange,orange,black,black,orange,green',
  'black,black,black,orange,orange,green',
  'orange,black,green,black,black,green',
  'orange,black,orange,orange,black,green',
  'green,green,black,black,black,green',
  'black,orange,orange,green,black,green',
  'black,orange,black,green,orange,green',
  'orange,green,black,black,black,green',
  'black,black,black,black,green,green',
  'black,green,black,black,orange,green',
  'black,green,orange,green,black,green',
  'black,green,black,green,black,green',
  'orange,orange,black,orange,orange,green',
  'black,orange,black,orange,green,green',
  'black,orange,orange,orange,black,green',
  'orange,green,black,black,orange,green',
  'orange,black,black,green,black,green',
  'orange,green,green,black,black,green',
  'orange,orange,orange,black,orange,green',
  'black,black,orange,orange,green,green',
  'black,orange,orange,orange,orange,green',
  'orange,green,orange,black,black,green',
  'black,black,green,orange,orange,green',
  'green,black,black,orange,orange,green',
  'black,orange,green,green,orange,green',
  'black,orange,orange,green,orange,green',
  'black,green,orange,orange,black,green',
  'green,black,orange,orange,black,green',
  'orange,black,black,black,green,green',
  'black,green,green,black,orange,green',
  'black,green,orange,orange,orange,green',
  'green,black,black,black,black,green',
  'orange,orange,orange,green,black,green',
  'black,black,green,orange,black,green',
  'black,orange,green,orange,orange,green',
  'black,orange,green,orange,black,green',
  'black,green,green,orange,black,green',
  'orange,green,green,black,orange,green',
  'black,orange,orange,orange,green,green',
  'black,black,green,green,black,green',
  'green,green,black,orange,orange,green',
  'green,black,black,black,orange,green',
  'black,green,orange,black,green,green',
  'black,green,black,black,green,green',
  'orange,black,orange,green,orange,green',
  'green,orange,black,orange,black,green',
  'green,black,black,green,orange,green',
  'green,black,black,green,black,green',
  'black,black,orange,black,green,green',
  'orange,black,black,orange,green,green',
  'black,orange,green,black,orange,green',
  'green,orange,black,green,black,green',
  'green,orange,black,black,orange,green',
  'green,green,black,orange,black,green',
  'orange,orange,orange,orange,orange,green',
  'orange,orange,black,green,orange,green',
  'orange,black,green,orange,black,green',
  'orange,green,orange,green,black,green',
  'green,orange,black,black,black,green',
  'green,black,green,orange,orange,green',
  'black,green,green,green,black,green',
  'orange,black,green,black,orange,green',
  'orange,black,green,orange,orange,green',
  'orange,orange,orange,orange,black,green',
  'orange,green,orange,orange,orange,green',
  'green,green,black,green,orange,green',
  'green,black,orange,black,black,green',
  'black,green,green,orange,orange,green',
  'green,black,orange,black,orange,green',
  'orange,green,black,black,green,green',
  'green,orange,orange,black,black,green',
  'green,green,orange,orange,orange,green',
  'orange,green,black,orange,orange,green',
  'green,green,orange,green,black,green'
}
